# JRE version: OpenJDK Runtime Environment Microsoft-9388408 (17.0.11+9) (build 17.0.11+9-LTS)
# Java VM: OpenJDK 64-Bit Server VM Microsoft-9388408 (17.0.11+9-LTS, mixed mode, sharing, tiered, compressed oops, compressed class ptrs, g1 gc, windows-amd64)
GC Precious Log:
 CPUs: 4 total, 4 available
 Memory: 8042M
 Large Page Support: Disabled
 NUMA Support: Disabled
 Compressed Oops: Enabled (32-bit)
 Heap Region Size: 1M
 Heap Min Capacity: 8M
 Heap Initial Capacity: 126M
 Heap Max Capacity: 2012M
 Pre-touch: Disabled
 Parallel Workers: 4
 Concurrent Workers: 1
 Concurrent Refinement Workers: 4
 Periodic GC: Disabled
Heap:
 garbage-first heap   total 58368K, used 42401K [0x0000000082400000, 0x0000000100000000)
  region size 1024K, 10 young (10240K), 2 survivors (2048K)
 Metaspace       used 45647K, committed 45888K, reserved 1114112K
  class space    used 5571K, committed 5696K, reserved 1048576K
GC Heap History (20 events):
Event: 6.640 GC heap before
{Heap before GC invocations=4 (full 0):
 garbage-first heap   total 55296K, used 39047K [0x0000000082400000, 0x0000000100000000)
  region size 1024K, 32 young (32768K), 8 survivors (8192K)
 Metaspace       used 26085K, committed 26304K, reserved 1114112K
  class space    used 3325K, committed 3392K, reserved 1048576K
}
Event: 6.655 GC heap after
{Heap after GC invocations=5 (full 0):
 garbage-first heap   total 55296K, used 17337K [0x0000000082400000, 0x0000000100000000)
  region size 1024K, 3 young (3072K), 3 survivors (3072K)
 Metaspace       used 26085K, committed 26304K, reserved 1114112K
  class space    used 3325K, committed 3392K, reserved 1048576K
}
Event: 9.331 GC heap before
{Heap before GC invocations=5 (full 0):
 garbage-first heap   total 55296K, used 39865K [0x0000000082400000, 0x0000000100000000)
  region size 1024K, 25 young (25600K), 3 survivors (3072K)
 Metaspace       used 31083K, committed 31296K, reserved 1114112K
  class space    used 3875K, committed 3968K, reserved 1048576K
}
Event: 9.337 GC heap after
{Heap after GC invocations=6 (full 0):
 garbage-first heap   total 55296K, used 18971K [0x0000000082400000, 0x0000000100000000)
  region size 1024K, 2 young (2048K), 2 survivors (2048K)
 Metaspace       used 31083K, committed 31296K, reserved 1114112K
  class space    used 3875K, committed 3968K, reserved 1048576K
}
Event: 11.873 GC heap before
{Heap before GC invocations=6 (full 0):
 garbage-first heap   total 55296K, used 37403K [0x0000000082400000, 0x0000000100000000)
  region size 1024K, 20 young (20480K), 2 survivors (2048K)
 Metaspace       used 35751K, committed 35968K, reserved 1114112K
  class space    used 4419K, committed 4544K, reserved 1048576K
}
Event: 11.882 GC heap after
{Heap after GC invocations=7 (full 0):
 garbage-first heap   total 55296K, used 22642K [0x0000000082400000, 0x0000000100000000)
  region size 1024K, 2 young (2048K), 2 survivors (2048K)
 Metaspace       used 35751K, committed 35968K, reserved 1114112K
  class space    used 4419K, committed 4544K, reserved 1048576K
}
Event: 13.370 GC heap before
{Heap before GC invocations=8 (full 0):
 garbage-first heap   total 55296K, used 43122K [0x0000000082400000, 0x0000000100000000)
  region size 1024K, 21 young (21504K), 2 survivors (2048K)
 Metaspace       used 38975K, committed 39232K, reserved 1114112K
  class space    used 4912K, committed 5056K, reserved 1048576K
}
Event: 13.377 GC heap after
{Heap after GC invocations=9 (full 0):
 garbage-first heap   total 55296K, used 25246K [0x0000000082400000, 0x0000000100000000)
  region size 1024K, 3 young (3072K), 3 survivors (3072K)
 Metaspace       used 38975K, committed 39232K, reserved 1114112K
  class space    used 4912K, committed 5056K, reserved 1048576K
}
Event: 13.633 GC heap before
{Heap before GC invocations=9 (full 0):
 garbage-first heap   total 55296K, used 40606K [0x0000000082400000, 0x0000000100000000)
  region size 1024K, 18 young (18432K), 3 survivors (3072K)
 Metaspace       used 39037K, committed 39296K, reserved 1114112K
  class space    used 4913K, committed 5056K, reserved 1048576K
}
Event: 13.637 GC heap after
{Heap after GC invocations=10 (full 0):
 garbage-first heap   total 55296K, used 25802K [0x0000000082400000, 0x0000000100000000)
  region size 1024K, 2 young (2048K), 2 survivors (2048K)
 Metaspace       used 39037K, committed 39296K, reserved 1114112K
  class space    used 4913K, committed 5056K, reserved 1048576K
}
Event: 17.339 GC heap before
{Heap before GC invocations=10 (full 0):
 garbage-first heap   total 55296K, used 41162K [0x0000000082400000, 0x0000000100000000)
  region size 1024K, 18 young (18432K), 2 survivors (2048K)
 Metaspace       used 41281K, committed 41536K, reserved 1114112K
  class space    used 5168K, committed 5312K, reserved 1048576K
}
Event: 17.346 GC heap after
{Heap after GC invocations=11 (full 0):
 garbage-first heap   total 55296K, used 27552K [0x0000000082400000, 0x0000000100000000)
  region size 1024K, 3 young (3072K), 3 survivors (3072K)
 Metaspace       used 41281K, committed 41536K, reserved 1114112K
  class space    used 5168K, committed 5312K, reserved 1048576K
}
Event: 18.254 GC heap before
{Heap before GC invocations=11 (full 0):
 garbage-first heap   total 55296K, used 40864K [0x0000000082400000, 0x0000000100000000)
  region size 1024K, 16 young (16384K), 3 survivors (3072K)
 Metaspace       used 42194K, committed 42368K, reserved 1114112K
  class space    used 5274K, committed 5376K, reserved 1048576K
}
Event: 18.260 GC heap after
{Heap after GC invocations=12 (full 0):
 garbage-first heap   total 55296K, used 28842K [0x0000000082400000, 0x0000000100000000)
  region size 1024K, 2 young (2048K), 2 survivors (2048K)
 Metaspace       used 42194K, committed 42368K, reserved 1114112K
  class space    used 5274K, committed 5376K, reserved 1048576K
}
Event: 23.978 GC heap before
{Heap before GC invocations=13 (full 0):
 garbage-first heap   total 55296K, used 41130K [0x0000000082400000, 0x0000000100000000)
  region size 1024K, 14 young (14336K), 2 survivors (2048K)
 Metaspace       used 44298K, committed 44544K, reserved 1114112K
  class space    used 5492K, committed 5632K, reserved 1048576K
}
Event: 23.984 GC heap after
{Heap after GC invocations=14 (full 0):
 garbage-first heap   total 55296K, used 30856K [0x0000000082400000, 0x0000000100000000)
  region size 1024K, 2 young (2048K), 2 survivors (2048K)
 Metaspace       used 44298K, committed 44544K, reserved 1114112K
  class space    used 5492K, committed 5632K, reserved 1048576K
}
Event: 25.176 GC heap before
{Heap before GC invocations=14 (full 0):
 garbage-first heap   total 55296K, used 42120K [0x0000000082400000, 0x0000000100000000)
  region size 1024K, 13 young (13312K), 2 survivors (2048K)
 Metaspace       used 45320K, committed 45632K, reserved 1114112K
  class space    used 5563K, committed 5696K, reserved 1048576K
}
Event: 25.184 GC heap after
{Heap after GC invocations=15 (full 0):
 garbage-first heap   total 55296K, used 33144K [0x0000000082400000, 0x0000000100000000)
  region size 1024K, 2 young (2048K), 2 survivors (2048K)
 Metaspace       used 45320K, committed 45632K, reserved 1114112K
  class space    used 5563K, committed 5696K, reserved 1048576K
}
Event: 26.355 GC heap before
{Heap before GC invocations=16 (full 0):
 garbage-first heap   total 58368K, used 42360K [0x0000000082400000, 0x0000000100000000)
  region size 1024K, 12 young (12288K), 2 survivors (2048K)
 Metaspace       used 45488K, committed 45760K, reserved 1114112K
  class space    used 5565K, committed 5696K, reserved 1048576K
}
Event: 26.365 GC heap after
{Heap after GC invocations=17 (full 0):
 garbage-first heap   total 58368K, used 35233K [0x0000000082400000, 0x0000000100000000)
  region size 1024K, 2 young (2048K), 2 survivors (2048K)
 Metaspace       used 45488K, committed 45760K, reserved 1114112K
  class space    used 5565K, committed 5696K, reserved 1048576K
}

