# JRE version: OpenJDK Runtime Environment Microsoft-9388408 (17.0.11+9) (build 17.0.11+9-LTS)
# Java VM: OpenJDK 64-Bit Server VM Microsoft-9388408 (17.0.11+9-LTS, mixed mode, sharing, tiered, compressed oops, compressed class ptrs, g1 gc, windows-amd64)
GC Precious Log:
 CPUs: 4 total, 4 available
 Memory: 8042M
 Large Page Support: Disabled
 NUMA Support: Disabled
 Compressed Oops: Enabled (32-bit)
 Heap Region Size: 1M
 Heap Min Capacity: 8M
 Heap Initial Capacity: 126M
 Heap Max Capacity: 2012M
 Pre-touch: Disabled
 Parallel Workers: 4
 Concurrent Workers: 1
 Concurrent Refinement Workers: 4
 Periodic GC: Disabled
Heap:
 garbage-first heap   total 63488K, used 41797K [0x0000000082400000, 0x0000000100000000)
  region size 1024K, 10 young (10240K), 2 survivors (2048K)
 Metaspace       used 44774K, committed 45120K, reserved 1114112K
  class space    used 5459K, committed 5632K, reserved 1048576K
GC Heap History (20 events):
Event: 8.592 GC heap before
{Heap before GC invocations=4 (full 0):
 garbage-first heap   total 55296K, used 38862K [0x0000000082400000, 0x0000000100000000)
  region size 1024K, 32 young (32768K), 8 survivors (8192K)
 Metaspace       used 26128K, committed 26304K, reserved 1114112K
  class space    used 3320K, committed 3392K, reserved 1048576K
}
Event: 8.607 GC heap after
{Heap after GC invocations=5 (full 0):
 garbage-first heap   total 55296K, used 17283K [0x0000000082400000, 0x0000000100000000)
  region size 1024K, 3 young (3072K), 3 survivors (3072K)
 Metaspace       used 26128K, committed 26304K, reserved 1114112K
  class space    used 3320K, committed 3392K, reserved 1048576K
}
Event: 8.628 GC heap before
{Heap before GC invocations=5 (full 0):
 garbage-first heap   total 55296K, used 17283K [0x0000000082400000, 0x0000000100000000)
  region size 1024K, 4 young (4096K), 3 survivors (3072K)
 Metaspace       used 26351K, committed 26496K, reserved 1114112K
  class space    used 3343K, committed 3392K, reserved 1048576K
}
Event: 8.632 GC heap after
{Heap after GC invocations=6 (full 0):
 garbage-first heap   total 55296K, used 18069K [0x0000000082400000, 0x0000000100000000)
  region size 1024K, 1 young (1024K), 1 survivors (1024K)
 Metaspace       used 26351K, committed 26496K, reserved 1114112K
  class space    used 3343K, committed 3392K, reserved 1048576K
}
Event: 11.465 GC heap before
{Heap before GC invocations=6 (full 0):
 garbage-first heap   total 55296K, used 39573K [0x0000000082400000, 0x0000000100000000)
  region size 1024K, 23 young (23552K), 1 survivors (1024K)
 Metaspace       used 30815K, committed 30976K, reserved 1114112K
  class space    used 3815K, committed 3904K, reserved 1048576K
}
Event: 11.474 GC heap after
{Heap after GC invocations=7 (full 0):
 garbage-first heap   total 55296K, used 20181K [0x0000000082400000, 0x0000000100000000)
  region size 1024K, 3 young (3072K), 3 survivors (3072K)
 Metaspace       used 30815K, committed 30976K, reserved 1114112K
  class space    used 3815K, committed 3904K, reserved 1048576K
}
Event: 13.230 GC heap before
{Heap before GC invocations=7 (full 0):
 garbage-first heap   total 55296K, used 42709K [0x0000000082400000, 0x0000000100000000)
  region size 1024K, 23 young (23552K), 3 survivors (3072K)
 Metaspace       used 34581K, committed 34816K, reserved 1114112K
  class space    used 4233K, committed 4352K, reserved 1048576K
}
Event: 13.240 GC heap after
{Heap after GC invocations=8 (full 0):
 garbage-first heap   total 55296K, used 25562K [0x0000000082400000, 0x0000000100000000)
  region size 1024K, 3 young (3072K), 3 survivors (3072K)
 Metaspace       used 34581K, committed 34816K, reserved 1114112K
  class space    used 4233K, committed 4352K, reserved 1048576K
}
Event: 14.385 GC heap before
{Heap before GC invocations=8 (full 0):
 garbage-first heap   total 55296K, used 41946K [0x0000000082400000, 0x0000000100000000)
  region size 1024K, 19 young (19456K), 3 survivors (3072K)
 Metaspace       used 35459K, committed 35712K, reserved 1114112K
  class space    used 4316K, committed 4480K, reserved 1048576K
}
Event: 14.400 GC heap after
{Heap after GC invocations=9 (full 0):
 garbage-first heap   total 55296K, used 29603K [0x0000000082400000, 0x0000000100000000)
  region size 1024K, 3 young (3072K), 3 survivors (3072K)
 Metaspace       used 35459K, committed 35712K, reserved 1114112K
  class space    used 4316K, committed 4480K, reserved 1048576K
}
Event: 15.106 GC heap before
{Heap before GC invocations=9 (full 0):
 garbage-first heap   total 55296K, used 41891K [0x0000000082400000, 0x0000000100000000)
  region size 1024K, 15 young (15360K), 3 survivors (3072K)
 Metaspace       used 35511K, committed 35776K, reserved 1114112K
  class space    used 4317K, committed 4480K, reserved 1048576K
}
Event: 15.114 GC heap after
{Heap after GC invocations=10 (full 0):
 garbage-first heap   total 55296K, used 30237K [0x0000000082400000, 0x0000000100000000)
  region size 1024K, 2 young (2048K), 2 survivors (2048K)
 Metaspace       used 35511K, committed 35776K, reserved 1114112K
  class space    used 4317K, committed 4480K, reserved 1048576K
}
Event: 17.753 GC heap before
{Heap before GC invocations=11 (full 0):
 garbage-first heap   total 55296K, used 41501K [0x0000000082400000, 0x0000000100000000)
  region size 1024K, 13 young (13312K), 2 survivors (2048K)
 Metaspace       used 37833K, committed 38144K, reserved 1114112K
  class space    used 4577K, committed 4736K, reserved 1048576K
}
Event: 17.757 GC heap after
{Heap after GC invocations=12 (full 0):
 garbage-first heap   total 55296K, used 30102K [0x0000000082400000, 0x0000000100000000)
  region size 1024K, 2 young (2048K), 2 survivors (2048K)
 Metaspace       used 37833K, committed 38144K, reserved 1114112K
  class space    used 4577K, committed 4736K, reserved 1048576K
}
Event: 23.361 GC heap before
{Heap before GC invocations=12 (full 0):
 garbage-first heap   total 55296K, used 41366K [0x0000000082400000, 0x0000000100000000)
  region size 1024K, 13 young (13312K), 2 survivors (2048K)
 Metaspace       used 39642K, committed 39872K, reserved 1114112K
  class space    used 4743K, committed 4864K, reserved 1048576K
}
Event: 23.368 GC heap after
{Heap after GC invocations=13 (full 0):
 garbage-first heap   total 55296K, used 32069K [0x0000000082400000, 0x0000000100000000)
  region size 1024K, 2 young (2048K), 2 survivors (2048K)
 Metaspace       used 39642K, committed 39872K, reserved 1114112K
  class space    used 4743K, committed 4864K, reserved 1048576K
}
Event: 24.895 GC heap before
{Heap before GC invocations=14 (full 0):
 garbage-first heap   total 58368K, used 42309K [0x0000000082400000, 0x0000000100000000)
  region size 1024K, 12 young (12288K), 2 survivors (2048K)
 Metaspace       used 42625K, committed 42880K, reserved 1114112K
  class space    used 5168K, committed 5312K, reserved 1048576K
}
Event: 24.902 GC heap after
{Heap after GC invocations=15 (full 0):
 garbage-first heap   total 58368K, used 33100K [0x0000000082400000, 0x0000000100000000)
  region size 1024K, 1 young (1024K), 1 survivors (1024K)
 Metaspace       used 42625K, committed 42880K, reserved 1114112K
  class space    used 5168K, committed 5312K, reserved 1048576K
}
Event: 25.764 GC heap before
{Heap before GC invocations=15 (full 0):
 garbage-first heap   total 58368K, used 45388K [0x0000000082400000, 0x0000000100000000)
  region size 1024K, 13 young (13312K), 1 survivors (1024K)
 Metaspace       used 43945K, committed 44224K, reserved 1114112K
  class space    used 5335K, committed 5440K, reserved 1048576K
}
Event: 25.770 GC heap after
{Heap after GC invocations=16 (full 0):
 garbage-first heap   total 58368K, used 34629K [0x0000000082400000, 0x0000000100000000)
  region size 1024K, 2 young (2048K), 2 survivors (2048K)
 Metaspace       used 43945K, committed 44224K, reserved 1114112K
  class space    used 5335K, committed 5440K, reserved 1048576K
}

